# JRE version: Java(TM) SE Runtime Environment (10.0.2+13) (build 10.0.2+13)
# Java VM: Java HotSpot(TM) 64-Bit Server VM (10.0.2+13, mixed mode, tiered, compressed oops, g1 gc, windows-amd64)
Heap:
 garbage-first heap   total 14336K, used 4525K [0x0000000082000000, 0x0000000100000000)
  region size 1024K, 1 young (1024K), 1 survivors (1024K)
 Metaspace       used 13709K, capacity 13992K, committed 14336K, reserved 1071104K
  class space    used 1415K, capacity 1514K, committed 1536K, reserved 1048576K
GC Heap History (10 events):
Event: 0.515 GC heap before
{Heap before GC invocations=4 (full 0):
 garbage-first heap   total 8192K, used 3373K [0x0000000082000000, 0x0000000100000000)
  region size 1024K, 2 young (2048K), 1 survivors (1024K)
 Metaspace       used 13077K, capacity 13285K, committed 13568K, reserved 1060864K
  class space    used 1355K, capacity 1449K, committed 1536K, reserved 1048576K
}
Event: 0.518 GC heap after
{Heap after GC invocations=5 (full 0):
 garbage-first heap   total 10240K, used 2695K [0x0000000082000000, 0x0000000100000000)
  region size 1024K, 1 young (1024K), 1 survivors (1024K)
 Metaspace       used 13077K, capacity 13285K, committed 13568K, reserved 1060864K
  class space    used 1355K, capacity 1449K, committed 1536K, reserved 1048576K
}
Event: 0.587 GC heap before
{Heap before GC invocations=5 (full 0):
 garbage-first heap   total 10240K, used 4743K [0x0000000082000000, 0x0000000100000000)
  region size 1024K, 3 young (3072K), 1 survivors (1024K)
 Metaspace       used 13375K, capacity 13591K, committed 13824K, reserved 1060864K
  class space    used 1383K, capacity 1466K, committed 1536K, reserved 1048576K
}
Event: 0.592 GC heap after
{Heap after GC invocations=6 (full 0):
 garbage-first heap   total 10240K, used 3566K [0x0000000082000000, 0x0000000100000000)
  region size 1024K, 1 young (1024K), 1 survivors (1024K)
 Metaspace       used 13375K, capacity 13591K, committed 13824K, reserved 1060864K
  class space    used 1383K, capacity 1466K, committed 1536K, reserved 1048576K
}
Event: 0.624 GC heap before
{Heap before GC invocations=6 (full 0):
 garbage-first heap   total 10240K, used 5614K [0x0000000082000000, 0x0000000100000000)
  region size 1024K, 3 young (3072K), 1 survivors (1024K)
 Metaspace       used 13469K, capacity 13782K, committed 14080K, reserved 1062912K
  class space    used 1391K, capacity 1508K, committed 1536K, reserved 1048576K
}
Event: 0.628 GC heap after
{Heap after GC invocations=7 (full 0):
 garbage-first heap   total 10240K, used 4176K [0x0000000082000000, 0x0000000100000000)
  region size 1024K, 1 young (1024K), 1 survivors (1024K)
 Metaspace       used 13469K, capacity 13782K, committed 14080K, reserved 1062912K
  class space    used 1391K, capacity 1508K, committed 1536K, reserved 1048576K
}
Event: 0.636 GC heap before
{Heap before GC invocations=7 (full 0):
 garbage-first heap   total 10240K, used 5200K [0x0000000082000000, 0x0000000100000000)
  region size 1024K, 2 young (2048K), 1 survivors (1024K)
 Metaspace       used 13485K, capacity 13785K, committed 14080K, reserved 1062912K
  class space    used 1392K, capacity 1509K, committed 1536K, reserved 1048576K
}
Event: 0.638 GC heap after
{Heap after GC invocations=8 (full 0):
 garbage-first heap   total 10240K, used 4169K [0x0000000082000000, 0x0000000100000000)
  region size 1024K, 1 young (1024K), 1 survivors (1024K)
 Metaspace       used 13485K, capacity 13785K, committed 14080K, reserved 1062912K
  class space    used 1392K, capacity 1509K, committed 1536K, reserved 1048576K
}
Event: 0.669 GC heap before
{Heap before GC invocations=8 (full 0):
 garbage-first heap   total 10240K, used 5193K [0x0000000082000000, 0x0000000100000000)
  region size 1024K, 2 young (2048K), 1 survivors (1024K)
 Metaspace       used 13569K, capacity 13856K, committed 14080K, reserved 1062912K
  class space    used 1396K, capacity 1511K, committed 1536K, reserved 1048576K
}
Event: 0.670 GC heap after
{Heap after GC invocations=9 (full 0):
 garbage-first heap   total 14336K, used 4376K [0x0000000082000000, 0x0000000100000000)
  region size 1024K, 1 young (1024K), 1 survivors (1024K)
 Metaspace       used 13569K, capacity 13856K, committed 14080K, reserved 1062912K
  class space    used 1396K, capacity 1511K, committed 1536K, reserved 1048576K
}

