# JRE version: Java(TM) SE Runtime Environment (10.0.2+13) (build 10.0.2+13)
# Java VM: Java HotSpot(TM) 64-Bit Server VM (10.0.2+13, mixed mode, tiered, compressed oops, g1 gc, windows-amd64)
Heap:
 garbage-first heap   total 14336K, used 4334K [0x0000000082000000, 0x0000000100000000)
  region size 1024K, 1 young (1024K), 1 survivors (1024K)
 Metaspace       used 13596K, capacity 13858K, committed 14080K, reserved 1062912K
  class space    used 1396K, capacity 1511K, committed 1536K, reserved 1048576K
GC Heap History (10 events):
Event: 0.470 GC heap after
{Heap after GC invocations=4 (full 0):
 garbage-first heap   total 8192K, used 2360K [0x0000000082000000, 0x0000000100000000)
  region size 1024K, 1 young (1024K), 1 survivors (1024K)
 Metaspace       used 12316K, capacity 12597K, committed 12928K, reserved 1060864K
  class space    used 1275K, capacity 1368K, committed 1408K, reserved 1048576K
}
Event: 0.517 GC heap before
{Heap before GC invocations=4 (full 0):
 garbage-first heap   total 8192K, used 3384K [0x0000000082000000, 0x0000000100000000)
  region size 1024K, 2 young (2048K), 1 survivors (1024K)
 Metaspace       used 13090K, capacity 13350K, committed 13568K, reserved 1060864K
  class space    used 1355K, capacity 1449K, committed 1536K, reserved 1048576K
}
Event: 0.520 GC heap after
{Heap after GC invocations=5 (full 0):
 garbage-first heap   total 10240K, used 2698K [0x0000000082000000, 0x0000000100000000)
  region size 1024K, 1 young (1024K), 1 survivors (1024K)
 Metaspace       used 13090K, capacity 13350K, committed 13568K, reserved 1060864K
  class space    used 1355K, capacity 1449K, committed 1536K, reserved 1048576K
}
Event: 0.560 GC heap before
{Heap before GC invocations=5 (full 0):
 garbage-first heap   total 10240K, used 3722K [0x0000000082000000, 0x0000000100000000)
  region size 1024K, 2 young (2048K), 1 survivors (1024K)
 Metaspace       used 13318K, capacity 13516K, committed 13824K, reserved 1060864K
  class space    used 1380K, capacity 1462K, committed 1536K, reserved 1048576K
}
Event: 0.562 GC heap after
{Heap after GC invocations=6 (full 0):
 garbage-first heap   total 10240K, used 3028K [0x0000000082000000, 0x0000000100000000)
  region size 1024K, 1 young (1024K), 1 survivors (1024K)
 Metaspace       used 13318K, capacity 13516K, committed 13824K, reserved 1060864K
  class space    used 1380K, capacity 1462K, committed 1536K, reserved 1048576K
}
Event: 0.606 GC heap before
{Heap before GC invocations=6 (full 0):
 garbage-first heap   total 10240K, used 5076K [0x0000000082000000, 0x0000000100000000)
  region size 1024K, 3 young (3072K), 1 survivors (1024K)
 Metaspace       used 13432K, capacity 13676K, committed 13824K, reserved 1060864K
  class space    used 1387K, capacity 1472K, committed 1536K, reserved 1048576K
}
Event: 0.610 GC heap after
{Heap after GC invocations=7 (full 0):
 garbage-first heap   total 10240K, used 3884K [0x0000000082000000, 0x0000000100000000)
  region size 1024K, 1 young (1024K), 1 survivors (1024K)
 Metaspace       used 13432K, capacity 13676K, committed 13824K, reserved 1060864K
  class space    used 1387K, capacity 1472K, committed 1536K, reserved 1048576K
}
Event: 0.652 GC heap before
{Heap before GC invocations=7 (full 0):
 garbage-first heap   total 10240K, used 5932K [0x0000000082000000, 0x0000000100000000)
  region size 1024K, 3 young (3072K), 1 survivors (1024K)
 Metaspace       used 13502K, capacity 13786K, committed 14080K, reserved 1062912K
  class space    used 1392K, capacity 1509K, committed 1536K, reserved 1048576K
}
Event: 0.655 GC heap after
{Heap after GC invocations=8 (full 0):
 garbage-first heap   total 10240K, used 4267K [0x0000000082000000, 0x0000000100000000)
  region size 1024K, 1 young (1024K), 1 survivors (1024K)
 Metaspace       used 13502K, capacity 13786K, committed 14080K, reserved 1062912K
  class space    used 1392K, capacity 1509K, committed 1536K, reserved 1048576K
}
Event: 0.701 GC heap before
{Heap before GC invocations=8 (full 0):
 garbage-first heap   total 10240K, used 5291K [0x0000000082000000, 0x0000000100000000)
  region size 1024K, 2 young (2048K), 1 survivors (1024K)
 Metaspace       used 13596K, capacity 13858K, committed 14080K, reserved 1062912K
  class space    used 1396K, capacity 1511K, committed 1536K, reserved 1048576K
}

